[2026-04-30T11:05:54.977Z] {"timestamp":1777547150871,"level":"DEBUG","args":["[Manus] Debug collector initialized (no rrweb, UI events only)"],"stack":null}
[2026-04-30T11:05:54.977Z] {"timestamp":1777547151209,"level":"DEBUG","args":["[vite] connected."],"stack":null}
[2026-04-30T11:06:43.156Z] {"timestamp":1777547200126,"level":"DEBUG","args":["[Manus] Debug collector initialized (no rrweb, UI events only)"],"stack":null}
[2026-04-30T11:06:43.156Z] {"timestamp":1777547200430,"level":"DEBUG","args":["[vite] connected."],"stack":null}
[2026-04-30T11:06:45.448Z] {"timestamp":1777547203355,"level":"DEBUG","args":["[vite]","hot updated: /src/App.tsx"],"stack":null}
[2026-04-30T11:06:45.448Z] {"timestamp":1777547203355,"level":"DEBUG","args":["[vite]","hot updated: /src/index.css"],"stack":null}
[2026-04-30T11:06:49.924Z] {"timestamp":1777547207858,"level":"DEBUG","args":["[vite]","hot updated: /src/pages/Dashboard.tsx"],"stack":null}
[2026-04-30T11:06:49.924Z] {"timestamp":1777547207858,"level":"DEBUG","args":["[vite]","hot updated: /src/index.css"],"stack":null}
[2026-04-30T11:07:48.633Z] {"timestamp":1777547266627,"level":"DEBUG","args":["[Manus] Debug collector initialized (no rrweb, UI events only)"],"stack":null}
[2026-04-30T11:07:48.633Z] {"timestamp":1777547266647,"level":"DEBUG","args":["[vite] connected."],"stack":null}
[2026-04-30T11:07:48.633Z] {"timestamp":1777547266819,"level":"INFO","args":["%cDownload the React DevTools for a better development experience: https://react.dev/link/react-devtools","font-weight:bold"],"stack":null}
[2026-04-30T11:07:57.401Z] {"timestamp":1777547274259,"level":"DEBUG","args":["[Manus] Debug collector initialized (no rrweb, UI events only)"],"stack":null}
[2026-04-30T11:07:57.401Z] {"timestamp":1777547274571,"level":"DEBUG","args":["[vite] connected."],"stack":null}
[2026-04-30T11:08:11.577Z] {"timestamp":1777547288535,"level":"DEBUG","args":["[Manus] Debug collector initialized (no rrweb, UI events only)"],"stack":null}
[2026-04-30T11:08:11.577Z] {"timestamp":1777547288855,"level":"DEBUG","args":["[vite] connected."],"stack":null}
[2026-04-30T11:09:04.126Z] {"timestamp":1777547343559,"level":"ERROR","args":["[API Query Error]",{"type":"Error","message":"Failed query: select `id`, `userId`, `moduleName`, `completionPercentage`, `checklistItems`, `savedResources`, `personalNotes`, `startedAt`, `lastUpdated` from `moduleProgress` where `moduleProgress`.`userId` = ?\nparams: 1","stack":"TRPCClientError2@https://3000-i3rc2xhgqmldbusgt6anr-f7822872.us2.manus.computer/@fs/home/ubuntu/leben-in-deutschland/node_modules/.vite/deps/chunk-C4TAVME7.js?v=78ae3680:2011:5\nfrom@https://3000-i3rc2xhgqmldbusgt6anr-f7822872.us2.manus.computer/@fs/home/ubuntu/leben-in-deutschland/node_modules/.vite/deps/chunk-C4TAVME7.js?v=78ae3680:2029:44\nhttpBatchLink/</</</<@https://3000-i3rc2xhgqmldbusgt6anr-f7822872.us2.manus.computer/@fs/home/ubuntu/leben-in-deutschland/node_modules/.vite/deps/chunk-C4TAVME7.js?v=78ae3680:2423:44\n"}],"stack":"console[method]@https://3000-i3rc2xhgqmldbusgt6anr-f7822872.us2.manus.computer/__manus__/debug-collector.js:391:37\n@https://3000-i3rc2xhgqmldbusgt6anr-f7822872.us2.manus.computer/src/main.tsx?v=ahmnlg39SNh3A0ic4Sxbj:23:13\nnotify/</<@https://3000-i3rc2xhgqmldbusgt6anr-f7822872.us2.manus.computer/@fs/home/ubuntu/leben-in-deutschland/node_modules/.vite/deps/chunk-CSSIXMTF.js?v=78ae3680:2645:17\nnotify/<@https://3000-i3rc2xhgqmldbusgt6anr-f7822872.us2.manus.computer/@fs/home/ubuntu/leben-in-deutschland/node_modules/.vite/deps/chunk-CSSIXMTF.js?v=78ae3680:2644:22\nbatch@https://3000-i3rc2xhgqmldbusgt6anr-f7822872.us2.manus.computer/@fs/home/ubuntu/leben-in-deutschland/node_modules/.vite/deps/chunk-CSSIXMTF.js?v=78ae3680:606:18\nnotify@https://3000-i3rc2xhgqmldbusgt6anr-f7822872.us2.manus.computer/@fs/home/ubuntu/leben-in-deutschland/node_modules/.vite/deps/chunk-CSSIXMTF.js?v=78ae3680:2643:19\n#dispatch/<@https://3000-i3rc2xhgqmldbusgt6anr-f7822872.us2.manus.computer/@fs/home/ubuntu/leben-in-deutschland/node_modules/.vite/deps/chunk-CSSIXMTF.js?v=78ae3680:1226:19\nbatch@https://3000-i3rc2xhgqmldbusgt6anr-f7822872.us2.manus.computer/@fs/home/ubuntu/leben-in-deutschland/node_modules/.vite/deps/chunk-CSSIXMTF.js?v=78ae3680:606:18\n#dispatch@https://3000-i3rc2xhgqmldbusgt6anr-f7822872.us2.manus.computer/@fs/home/ubuntu/leben-in-deutschland/node_modules/.vite/deps/chunk-CSSIXMTF.js?v=78ae3680:1222:19\nfetch@https://3000-i3rc2xhgqmldbusgt6anr-f7822872.us2.manus.computer/@fs/home/ubuntu/leben-in-deutschland/node_modules/.vite/deps/chunk-CSSIXMTF.js?v=78ae3680:1137:21\n"}
[2026-04-30T11:09:04.126Z] {"timestamp":1777547343596,"level":"ERROR","args":["[API Query Error]",{"type":"Error","message":"Failed query: select `id`, `userId`, `tier`, `stripeCustomerId`, `stripeSubscriptionId`, `status`, `renewalDate`, `createdAt`, `updatedAt` from `subscriptions` where `subscriptions`.`userId` = ? limit ?\nparams: 1,1","stack":"TRPCClientError2@https://3000-i3rc2xhgqmldbusgt6anr-f7822872.us2.manus.computer/@fs/home/ubuntu/leben-in-deutschland/node_modules/.vite/deps/chunk-C4TAVME7.js?v=78ae3680:2011:5\nfrom@https://3000-i3rc2xhgqmldbusgt6anr-f7822872.us2.manus.computer/@fs/home/ubuntu/leben-in-deutschland/node_modules/.vite/deps/chunk-C4TAVME7.js?v=78ae3680:2029:44\nhttpBatchLink/</</</<@https://3000-i3rc2xhgqmldbusgt6anr-f7822872.us2.manus.computer/@fs/home/ubuntu/leben-in-deutschland/node_modules/.vite/deps/chunk-C4TAVME7.js?v=78ae3680:2423:44\n"}],"stack":"console[method]@https://3000-i3rc2xhgqmldbusgt6anr-f7822872.us2.manus.computer/__manus__/debug-collector.js:391:37\n@https://3000-i3rc2xhgqmldbusgt6anr-f7822872.us2.manus.computer/src/main.tsx?v=ahmnlg39SNh3A0ic4Sxbj:23:13\nnotify/</<@https://3000-i3rc2xhgqmldbusgt6anr-f7822872.us2.manus.computer/@fs/home/ubuntu/leben-in-deutschland/node_modules/.vite/deps/chunk-CSSIXMTF.js?v=78ae3680:2645:17\nnotify/<@https://3000-i3rc2xhgqmldbusgt6anr-f7822872.us2.manus.computer/@fs/home/ubuntu/leben-in-deutschland/node_modules/.vite/deps/chunk-CSSIXMTF.js?v=78ae3680:2644:22\nbatch@https://3000-i3rc2xhgqmldbusgt6anr-f7822872.us2.manus.computer/@fs/home/ubuntu/leben-in-deutschland/node_modules/.vite/deps/chunk-CSSIXMTF.js?v=78ae3680:606:18\nnotify@https://3000-i3rc2xhgqmldbusgt6anr-f7822872.us2.manus.computer/@fs/home/ubuntu/leben-in-deutschland/node_modules/.vite/deps/chunk-CSSIXMTF.js?v=78ae3680:2643:19\n#dispatch/<@https://3000-i3rc2xhgqmldbusgt6anr-f7822872.us2.manus.computer/@fs/home/ubuntu/leben-in-deutschland/node_modules/.vite/deps/chunk-CSSIXMTF.js?v=78ae3680:1226:19\nbatch@https://3000-i3rc2xhgqmldbusgt6anr-f7822872.us2.manus.computer/@fs/home/ubuntu/leben-in-deutschland/node_modules/.vite/deps/chunk-CSSIXMTF.js?v=78ae3680:606:18\n#dispatch@https://3000-i3rc2xhgqmldbusgt6anr-f7822872.us2.manus.computer/@fs/home/ubuntu/leben-in-deutschland/node_modules/.vite/deps/chunk-CSSIXMTF.js?v=78ae3680:1222:19\nfetch@https://3000-i3rc2xhgqmldbusgt6anr-f7822872.us2.manus.computer/@fs/home/ubuntu/leben-in-deutschland/node_modules/.vite/deps/chunk-CSSIXMTF.js?v=78ae3680:1137:21\n"}
[2026-04-30T11:10:06.161Z] {"timestamp":1777547403033,"level":"DEBUG","args":["[Manus] Debug collector initialized (no rrweb, UI events only)"],"stack":null}
[2026-04-30T11:10:06.161Z] {"timestamp":1777547403388,"level":"DEBUG","args":["[vite] connected."],"stack":null}
[2026-04-30T11:10:22.948Z] {"timestamp":1777547419864,"level":"DEBUG","args":["[Manus] Debug collector initialized (no rrweb, UI events only)"],"stack":null}
[2026-04-30T11:10:22.948Z] {"timestamp":1777547420177,"level":"DEBUG","args":["[vite] connected."],"stack":null}
[2026-04-30T11:13:03.573Z] {"timestamp":1777547581559,"level":"DEBUG","args":["[Manus] Debug collector initialized (no rrweb, UI events only)"],"stack":null}
[2026-04-30T11:13:03.573Z] {"timestamp":1777547581570,"level":"DEBUG","args":["[vite] connected."],"stack":null}
[2026-04-30T11:13:03.573Z] {"timestamp":1777547582427,"level":"INFO","args":["%cDownload the React DevTools for a better development experience: https://react.dev/link/react-devtools","font-weight:bold"],"stack":null}
[2026-04-30T11:13:14.264Z] {"timestamp":1777547592175,"level":"DEBUG","args":["[Manus] Debug collector initialized (no rrweb, UI events only)"],"stack":null}
[2026-04-30T11:13:14.264Z] {"timestamp":1777547592199,"level":"DEBUG","args":["[vite] connected."],"stack":null}
[2026-04-30T11:13:14.264Z] {"timestamp":1777547592444,"level":"INFO","args":["%cDownload the React DevTools for a better development experience: https://react.dev/link/react-devtools","font-weight:bold"],"stack":null}
[2026-04-30T15:33:13.724Z] {"timestamp":1777563189284,"level":"LOG","args":["[vite] server connection lost. Polling for restart..."],"stack":null}
[2026-04-30T15:33:16.052Z] {"timestamp":1777563194037,"level":"DEBUG","args":["[Manus] Debug collector initialized (no rrweb, UI events only)"],"stack":null}
[2026-04-30T15:33:16.052Z] {"timestamp":1777563194062,"level":"DEBUG","args":["[vite] connected."],"stack":null}
[2026-04-30T15:33:16.052Z] {"timestamp":1777563194263,"level":"INFO","args":["%cDownload the React DevTools for a better development experience: https://react.dev/link/react-devtools","font-weight:bold"],"stack":null}
[2026-04-30T15:33:27.675Z] {"timestamp":1777563205241,"level":"ERROR","args":["[vite]","Failed to reload /src/pages/Dashboard.tsx. This could be due to syntax errors or importing non-existent modules. (see errors above)"],"stack":"Error\n    at console.<computed> [as error] (https://3000-i3rc2xhgqmldbusgt6anr-f7822872.us2.manus.computer/__manus__/debug-collector.js:391:37)\n    at Object.error (https://3000-i3rc2xhgqmldbusgt6anr-f7822872.us2.manus.computer/@vite/client:809:26)\n    at HMRClient.warnFailedUpdate (https://3000-i3rc2xhgqmldbusgt6anr-f7822872.us2.manus.computer/@vite/client:181:15)\n    at HMRClient.fetchUpdate (https://3000-i3rc2xhgqmldbusgt6anr-f7822872.us2.manus.computer/@vite/client:212:10)\n    at async Promise.all (index 0)\n    at async HMRClient.queueUpdate (https://3000-i3rc2xhgqmldbusgt6anr-f7822872.us2.manus.computer/@vite/client:196:5)\n    at async Promise.all (index 0)\n    at async handleMessage (https://3000-i3rc2xhgqmldbusgt6anr-f7822872.us2.manus.computer/@vite/client:838:4)"}
[2026-04-30T15:33:27.675Z] {"timestamp":1777563205288,"level":"DEBUG","args":["[vite]","hot updated: /src/pages/Dashboard.tsx"],"stack":null}
[2026-04-30T15:33:27.675Z] {"timestamp":1777563205288,"level":"DEBUG","args":["[vite]","hot updated: /src/index.css"],"stack":null}
[2026-04-30T15:33:35.165Z] {"timestamp":1777563212722,"level":"DEBUG","args":["[vite]","hot updated: /src/pages/Dashboard.tsx"],"stack":null}
[2026-04-30T15:33:35.165Z] {"timestamp":1777563212722,"level":"DEBUG","args":["[vite]","hot updated: /src/index.css"],"stack":null}
[2026-04-30T15:33:40.467Z] {"timestamp":1777563218461,"level":"DEBUG","args":["[Manus] Debug collector initialized (no rrweb, UI events only)"],"stack":null}
[2026-04-30T15:33:40.467Z] {"timestamp":1777563218481,"level":"DEBUG","args":["[vite] connected."],"stack":null}
[2026-04-30T15:33:40.467Z] {"timestamp":1777563218639,"level":"INFO","args":["%cDownload the React DevTools for a better development experience: https://react.dev/link/react-devtools","font-weight:bold"],"stack":null}
[2026-04-30T15:34:00.890Z] {"timestamp":1777563238875,"level":"DEBUG","args":["[Manus] Debug collector initialized (no rrweb, UI events only)"],"stack":null}
[2026-04-30T15:34:00.890Z] {"timestamp":1777563238896,"level":"DEBUG","args":["[vite] connected."],"stack":null}
[2026-04-30T15:34:00.890Z] {"timestamp":1777563239157,"level":"INFO","args":["%cDownload the React DevTools for a better development experience: https://react.dev/link/react-devtools","font-weight:bold"],"stack":null}
[2026-04-30T15:36:18.708Z] {"timestamp":1777563376704,"level":"DEBUG","args":["[Manus] Debug collector initialized (no rrweb, UI events only)"],"stack":null}
[2026-04-30T15:36:18.709Z] {"timestamp":1777563376718,"level":"DEBUG","args":["[vite] connected."],"stack":null}
[2026-04-30T15:36:18.709Z] {"timestamp":1777563376876,"level":"INFO","args":["%cDownload the React DevTools for a better development experience: https://react.dev/link/react-devtools","font-weight:bold"],"stack":null}
[2026-04-30T15:38:32.582Z] {"timestamp":1777563510569,"level":"DEBUG","args":["[Manus] Debug collector initialized (no rrweb, UI events only)"],"stack":null}
[2026-04-30T15:38:32.582Z] {"timestamp":1777563510583,"level":"DEBUG","args":["[vite] connected."],"stack":null}
[2026-04-30T15:38:32.582Z] {"timestamp":1777563511412,"level":"INFO","args":["%cDownload the React DevTools for a better development experience: https://react.dev/link/react-devtools","font-weight:bold"],"stack":null}
[2026-04-30T15:39:16.113Z] {"timestamp":1777563554108,"level":"DEBUG","args":["[Manus] Debug collector initialized (no rrweb, UI events only)"],"stack":null}
[2026-04-30T15:39:16.113Z] {"timestamp":1777563554123,"level":"DEBUG","args":["[vite] connected."],"stack":null}
[2026-04-30T15:39:16.113Z] {"timestamp":1777563554279,"level":"INFO","args":["%cDownload the React DevTools for a better development experience: https://react.dev/link/react-devtools","font-weight:bold"],"stack":null}
[2026-04-30T15:44:35.963Z] {"timestamp":1777563873957,"level":"DEBUG","args":["[Manus] Debug collector initialized (no rrweb, UI events only)"],"stack":null}
[2026-04-30T15:44:35.963Z] {"timestamp":1777563873990,"level":"DEBUG","args":["[vite] connected."],"stack":null}
[2026-04-30T15:44:35.963Z] {"timestamp":1777563874270,"level":"INFO","args":["%cDownload the React DevTools for a better development experience: https://react.dev/link/react-devtools","font-weight:bold"],"stack":null}
[2026-04-30T15:46:08.765Z] {"timestamp":1777563966760,"level":"DEBUG","args":["[Manus] Debug collector initialized (no rrweb, UI events only)"],"stack":null}
[2026-04-30T15:46:08.765Z] {"timestamp":1777563966772,"level":"DEBUG","args":["[vite] connected."],"stack":null}
[2026-04-30T15:46:08.765Z] {"timestamp":1777563966923,"level":"INFO","args":["%cDownload the React DevTools for a better development experience: https://react.dev/link/react-devtools","font-weight:bold"],"stack":null}
[2026-04-30T15:47:36.724Z] {"timestamp":1777564054719,"level":"DEBUG","args":["[Manus] Debug collector initialized (no rrweb, UI events only)"],"stack":null}
[2026-04-30T15:47:36.724Z] {"timestamp":1777564054737,"level":"DEBUG","args":["[vite] connected."],"stack":null}
[2026-04-30T15:47:36.724Z] {"timestamp":1777564054896,"level":"INFO","args":["%cDownload the React DevTools for a better development experience: https://react.dev/link/react-devtools","font-weight:bold"],"stack":null}
[2026-04-30T15:47:59.072Z] {"timestamp":1777564077067,"level":"DEBUG","args":["[Manus] Debug collector initialized (no rrweb, UI events only)"],"stack":null}
[2026-04-30T15:47:59.072Z] {"timestamp":1777564077082,"level":"DEBUG","args":["[vite] connected."],"stack":null}
[2026-04-30T15:47:59.072Z] {"timestamp":1777564077249,"level":"INFO","args":["%cDownload the React DevTools for a better development experience: https://react.dev/link/react-devtools","font-weight:bold"],"stack":null}
